[2024-06-01T13:32:50.275+0000] {manager.py:470} INFO - Processing files using up to 2 processes at a time 
[2024-06-01T13:32:50.278+0000] {manager.py:471} INFO - Process each file at most once every 30 seconds
[2024-06-01T13:32:50.282+0000] {manager.py:472} INFO - Checking for new files in /opt/airflow/dags every 300 seconds
[2024-06-01T13:32:50.287+0000] {manager.py:737} INFO - Searching for files in /opt/airflow/dags
[2024-06-01T13:32:50.300+0000] {manager.py:740} INFO - There are 0 files in /opt/airflow/dags
[2024-06-01T13:37:50.507+0000] {manager.py:737} INFO - Searching for files in /opt/airflow/dags
[2024-06-01T13:37:50.550+0000] {manager.py:740} INFO - There are 0 files in /opt/airflow/dags
[2024-06-01T13:42:51.168+0000] {manager.py:737} INFO - Searching for files in /opt/airflow/dags
[2024-06-01T13:42:51.299+0000] {manager.py:740} INFO - There are 1 files in /opt/airflow/dags
[2024-06-01T13:42:54.168+0000] {manager.py:878} INFO - 
================================================================================
DAG File Processing Stats

File Path                     PID    Runtime      # DAGs    # Errors  Last Runtime    Last Run
----------------------------  -----  ---------  --------  ----------  --------------  -------------------
/opt/airflow/dags/etl_dag.py                           0           1  0.90s           2024-06-01T13:42:53
================================================================================
[2024-06-01T13:43:24.435+0000] {manager.py:878} INFO - 
================================================================================
DAG File Processing Stats

File Path                     PID    Runtime      # DAGs    # Errors  Last Runtime    Last Run
----------------------------  -----  ---------  --------  ----------  --------------  -------------------
/opt/airflow/dags/etl_dag.py                           0           1  0.16s           2024-06-01T13:43:09
================================================================================
[2024-06-01T13:43:54.576+0000] {manager.py:878} INFO - 
================================================================================
DAG File Processing Stats

File Path                     PID    Runtime      # DAGs    # Errors  Last Runtime    Last Run
----------------------------  -----  ---------  --------  ----------  --------------  -------------------
/opt/airflow/dags/etl_dag.py                           0           1  9.86s           2024-06-01T13:43:42
================================================================================
[2024-06-01T13:44:25.070+0000] {manager.py:878} INFO - 
================================================================================
DAG File Processing Stats

File Path                     PID    Runtime      # DAGs    # Errors  Last Runtime    Last Run
----------------------------  -----  ---------  --------  ----------  --------------  -------------------
/opt/airflow/dags/etl_dag.py                           0           1  0.52s           2024-06-01T13:44:13
================================================================================
[2024-06-01T13:44:55.302+0000] {manager.py:878} INFO - 
================================================================================
DAG File Processing Stats

File Path                     PID    Runtime      # DAGs    # Errors  Last Runtime    Last Run
----------------------------  -----  ---------  --------  ----------  --------------  -------------------
/opt/airflow/dags/etl_dag.py                           0           1  0.72s           2024-06-01T13:44:44
================================================================================
[2024-06-01T13:45:25.767+0000] {manager.py:878} INFO - 
================================================================================
DAG File Processing Stats

File Path                     PID    Runtime      # DAGs    # Errors  Last Runtime    Last Run
----------------------------  -----  ---------  --------  ----------  --------------  -------------------
/opt/airflow/dags/etl_dag.py                           0           1  0.78s           2024-06-01T13:45:15
================================================================================
[2024-06-01T13:45:56.378+0000] {manager.py:878} INFO - 
================================================================================
DAG File Processing Stats

File Path                     PID    Runtime      # DAGs    # Errors  Last Runtime    Last Run
----------------------------  -----  ---------  --------  ----------  --------------  -------------------
/opt/airflow/dags/etl_dag.py                           0           1  1.04s           2024-06-01T13:45:46
================================================================================
[2024-06-01T13:46:26.449+0000] {manager.py:878} INFO - 
================================================================================
DAG File Processing Stats

File Path                     PID    Runtime      # DAGs    # Errors  Last Runtime    Last Run
----------------------------  -----  ---------  --------  ----------  --------------  -------------------
/opt/airflow/dags/etl_dag.py                           0           1  0.79s           2024-06-01T13:46:17
================================================================================
[2024-06-01T13:46:56.933+0000] {manager.py:878} INFO - 
================================================================================
DAG File Processing Stats

File Path                     PID    Runtime      # DAGs    # Errors  Last Runtime    Last Run
----------------------------  -----  ---------  --------  ----------  --------------  -------------------
/opt/airflow/dags/etl_dag.py                           0           1  0.46s           2024-06-01T13:46:48
================================================================================
[2024-06-01T13:47:26.938+0000] {manager.py:878} INFO - 
================================================================================
DAG File Processing Stats

File Path                     PID    Runtime      # DAGs    # Errors  Last Runtime    Last Run
----------------------------  -----  ---------  --------  ----------  --------------  -------------------
/opt/airflow/dags/etl_dag.py                           0           1  0.46s           2024-06-01T13:47:18
================================================================================
[2024-06-01T13:47:51.629+0000] {manager.py:737} INFO - Searching for files in /opt/airflow/dags
[2024-06-01T13:47:51.662+0000] {manager.py:740} INFO - There are 1 files in /opt/airflow/dags
[2024-06-01T13:47:57.199+0000] {manager.py:878} INFO - 
================================================================================
DAG File Processing Stats

File Path                     PID    Runtime      # DAGs    # Errors  Last Runtime    Last Run
----------------------------  -----  ---------  --------  ----------  --------------  -------------------
/opt/airflow/dags/etl_dag.py                           0           1  0.50s           2024-06-01T13:47:49
================================================================================
[2024-06-01T13:48:27.484+0000] {manager.py:878} INFO - 
================================================================================
DAG File Processing Stats

File Path                     PID    Runtime      # DAGs    # Errors  Last Runtime    Last Run
----------------------------  -----  ---------  --------  ----------  --------------  -------------------
/opt/airflow/dags/etl_dag.py                           0           1  0.83s           2024-06-01T13:48:20
================================================================================
[2024-06-01T13:48:57.697+0000] {manager.py:878} INFO - 
================================================================================
DAG File Processing Stats

File Path                     PID    Runtime      # DAGs    # Errors  Last Runtime    Last Run
----------------------------  -----  ---------  --------  ----------  --------------  -------------------
/opt/airflow/dags/etl_dag.py                           0           1  0.94s           2024-06-01T13:48:51
================================================================================
[2024-06-01T13:49:28.194+0000] {manager.py:878} INFO - 
================================================================================
DAG File Processing Stats

File Path                     PID    Runtime      # DAGs    # Errors  Last Runtime    Last Run
----------------------------  -----  ---------  --------  ----------  --------------  -------------------
/opt/airflow/dags/etl_dag.py                           0           1  0.57s           2024-06-01T13:49:22
================================================================================
[2024-06-01T13:49:58.222+0000] {manager.py:878} INFO - 
================================================================================
DAG File Processing Stats

File Path                     PID    Runtime      # DAGs    # Errors  Last Runtime    Last Run
----------------------------  -----  ---------  --------  ----------  --------------  -------------------
/opt/airflow/dags/etl_dag.py                           0           1  0.42s           2024-06-01T13:49:53
================================================================================
[2024-06-01T13:50:28.491+0000] {manager.py:878} INFO - 
================================================================================
DAG File Processing Stats

File Path                     PID    Runtime      # DAGs    # Errors  Last Runtime    Last Run
----------------------------  -----  ---------  --------  ----------  --------------  -------------------
/opt/airflow/dags/etl_dag.py                           0           1  0.46s           2024-06-01T13:50:23
================================================================================
[2024-06-01T13:50:58.710+0000] {manager.py:878} INFO - 
================================================================================
DAG File Processing Stats

File Path                     PID    Runtime      # DAGs    # Errors  Last Runtime    Last Run
----------------------------  -----  ---------  --------  ----------  --------------  -------------------
/opt/airflow/dags/etl_dag.py                           0           1  0.66s           2024-06-01T13:50:54
================================================================================
[2024-06-01T13:51:28.797+0000] {manager.py:878} INFO - 
================================================================================
DAG File Processing Stats

File Path                     PID    Runtime      # DAGs    # Errors  Last Runtime    Last Run
----------------------------  -----  ---------  --------  ----------  --------------  -------------------
/opt/airflow/dags/etl_dag.py                           0           1  0.78s           2024-06-01T13:51:25
================================================================================
[2024-06-01T13:51:59.286+0000] {manager.py:878} INFO - 
================================================================================
DAG File Processing Stats

File Path                     PID    Runtime      # DAGs    # Errors  Last Runtime    Last Run
----------------------------  -----  ---------  --------  ----------  --------------  -------------------
/opt/airflow/dags/etl_dag.py                           0           1  0.51s           2024-06-01T13:51:56
================================================================================
[2024-06-01T13:52:29.483+0000] {manager.py:878} INFO - 
================================================================================
DAG File Processing Stats

File Path                     PID    Runtime      # DAGs    # Errors  Last Runtime    Last Run
----------------------------  -----  ---------  --------  ----------  --------------  -------------------
/opt/airflow/dags/etl_dag.py                           0           1  1.92s           2024-06-01T13:52:28
================================================================================
[2024-06-01T13:52:51.768+0000] {manager.py:737} INFO - Searching for files in /opt/airflow/dags
[2024-06-01T13:52:51.815+0000] {manager.py:740} INFO - There are 1 files in /opt/airflow/dags
[2024-06-01T13:52:59.589+0000] {manager.py:878} INFO - 
================================================================================
DAG File Processing Stats

File Path                     PID    Runtime      # DAGs    # Errors  Last Runtime    Last Run
----------------------------  -----  ---------  --------  ----------  --------------  -------------------
/opt/airflow/dags/etl_dag.py                           0           1  0.89s           2024-06-01T13:52:36
================================================================================
[2024-06-01T13:53:30.131+0000] {manager.py:878} INFO - 
================================================================================
DAG File Processing Stats

File Path                     PID    Runtime      # DAGs    # Errors  Last Runtime    Last Run
----------------------------  -----  ---------  --------  ----------  --------------  -------------------
/opt/airflow/dags/etl_dag.py                           0           1  0.51s           2024-06-01T13:53:07
================================================================================
[2024-06-01T13:54:00.509+0000] {manager.py:878} INFO - 
================================================================================
DAG File Processing Stats

File Path                     PID    Runtime      # DAGs    # Errors  Last Runtime    Last Run
----------------------------  -----  ---------  --------  ----------  --------------  -------------------
/opt/airflow/dags/etl_dag.py                           0           1  0.72s           2024-06-01T13:53:37
================================================================================
[2024-06-01T13:54:30.734+0000] {manager.py:878} INFO - 
================================================================================
DAG File Processing Stats

File Path                     PID    Runtime      # DAGs    # Errors  Last Runtime    Last Run
----------------------------  -----  ---------  --------  ----------  --------------  -------------------
/opt/airflow/dags/etl_dag.py                           0           1  3.41s           2024-06-01T13:54:11
================================================================================
[2024-06-01T13:55:01.037+0000] {manager.py:878} INFO - 
================================================================================
DAG File Processing Stats

File Path                     PID    Runtime      # DAGs    # Errors  Last Runtime    Last Run
----------------------------  -----  ---------  --------  ----------  --------------  -------------------
/opt/airflow/dags/etl_dag.py                           0           1  0.52s           2024-06-01T13:54:42
================================================================================
[2024-06-01T13:55:31.261+0000] {manager.py:878} INFO - 
================================================================================
DAG File Processing Stats

File Path                     PID    Runtime      # DAGs    # Errors  Last Runtime    Last Run
----------------------------  -----  ---------  --------  ----------  --------------  -------------------
/opt/airflow/dags/etl_dag.py                           0           1  0.44s           2024-06-01T13:55:13
================================================================================
[2024-06-01T13:56:01.542+0000] {manager.py:878} INFO - 
================================================================================
DAG File Processing Stats

File Path                     PID    Runtime      # DAGs    # Errors  Last Runtime    Last Run
----------------------------  -----  ---------  --------  ----------  --------------  -------------------
/opt/airflow/dags/etl_dag.py                           0           1  0.44s           2024-06-01T13:55:43
================================================================================
[2024-06-01T13:56:31.781+0000] {manager.py:878} INFO - 
================================================================================
DAG File Processing Stats

File Path                     PID    Runtime      # DAGs    # Errors  Last Runtime    Last Run
----------------------------  -----  ---------  --------  ----------  --------------  -------------------
/opt/airflow/dags/etl_dag.py                           0           1  0.65s           2024-06-01T13:56:14
================================================================================
[2024-06-01T13:57:02.054+0000] {manager.py:878} INFO - 
================================================================================
DAG File Processing Stats

File Path                     PID    Runtime      # DAGs    # Errors  Last Runtime    Last Run
----------------------------  -----  ---------  --------  ----------  --------------  -------------------
/opt/airflow/dags/etl_dag.py                           0           1  0.52s           2024-06-01T13:56:45
================================================================================
[2024-06-01T13:57:32.268+0000] {manager.py:878} INFO - 
================================================================================
DAG File Processing Stats

File Path                     PID    Runtime      # DAGs    # Errors  Last Runtime    Last Run
----------------------------  -----  ---------  --------  ----------  --------------  -------------------
/opt/airflow/dags/etl_dag.py                           0           1  1.00s           2024-06-01T13:57:16
================================================================================
[2024-06-01T13:57:52.403+0000] {manager.py:737} INFO - Searching for files in /opt/airflow/dags
[2024-06-01T13:57:52.432+0000] {manager.py:740} INFO - There are 1 files in /opt/airflow/dags
[2024-06-01T13:58:02.531+0000] {manager.py:878} INFO - 
================================================================================
DAG File Processing Stats

File Path                     PID    Runtime      # DAGs    # Errors  Last Runtime    Last Run
----------------------------  -----  ---------  --------  ----------  --------------  -------------------
/opt/airflow/dags/etl_dag.py                           0           1  0.64s           2024-06-01T13:57:47
================================================================================
[2024-06-01T13:58:32.896+0000] {manager.py:878} INFO - 
================================================================================
DAG File Processing Stats

File Path                     PID    Runtime      # DAGs    # Errors  Last Runtime    Last Run
----------------------------  -----  ---------  --------  ----------  --------------  -------------------
/opt/airflow/dags/etl_dag.py                           0           1  1.48s           2024-06-01T13:58:19
================================================================================
[2024-06-01T13:59:03.093+0000] {manager.py:878} INFO - 
================================================================================
DAG File Processing Stats

File Path                     PID    Runtime      # DAGs    # Errors  Last Runtime    Last Run
----------------------------  -----  ---------  --------  ----------  --------------  -------------------
/opt/airflow/dags/etl_dag.py                           0           1  0.50s           2024-06-01T13:58:50
================================================================================
[2024-06-01T13:59:33.363+0000] {manager.py:878} INFO - 
================================================================================
DAG File Processing Stats

File Path                     PID    Runtime      # DAGs    # Errors  Last Runtime    Last Run
----------------------------  -----  ---------  --------  ----------  --------------  -------------------
/opt/airflow/dags/etl_dag.py                           0           1  0.51s           2024-06-01T13:59:20
================================================================================
[2024-06-01T14:00:03.576+0000] {manager.py:878} INFO - 
================================================================================
DAG File Processing Stats

File Path                     PID    Runtime      # DAGs    # Errors  Last Runtime    Last Run
----------------------------  -----  ---------  --------  ----------  --------------  -------------------
/opt/airflow/dags/etl_dag.py                           0           1  0.49s           2024-06-01T13:59:51
================================================================================
[2024-06-01T14:00:33.797+0000] {manager.py:878} INFO - 
================================================================================
DAG File Processing Stats

File Path                     PID    Runtime      # DAGs    # Errors  Last Runtime    Last Run
----------------------------  -----  ---------  --------  ----------  --------------  -------------------
/opt/airflow/dags/etl_dag.py                           0           1  0.68s           2024-06-01T14:00:22
================================================================================
[2024-06-01T14:00:58.345+0000] {manager.py:452} INFO - Exiting gracefully upon receiving signal 15
[2024-06-01T14:03:27.490+0000] {manager.py:470} INFO - Processing files using up to 2 processes at a time 
[2024-06-01T14:03:27.495+0000] {manager.py:471} INFO - Process each file at most once every 30 seconds
[2024-06-01T14:03:27.496+0000] {manager.py:472} INFO - Checking for new files in /opt/airflow/dags every 300 seconds
[2024-06-01T14:03:27.497+0000] {manager.py:737} INFO - Searching for files in /opt/airflow/dags
[2024-06-01T14:03:27.530+0000] {manager.py:740} INFO - There are 1 files in /opt/airflow/dags
[2024-06-01T14:03:27.832+0000] {manager.py:878} INFO - 
================================================================================
DAG File Processing Stats

File Path                       PID  Runtime      # DAGs    # Errors  Last Runtime    Last Run
----------------------------  -----  ---------  --------  ----------  --------------  ----------
/opt/airflow/dags/etl_dag.py     63  0.13s             0           0
================================================================================
[2024-06-01T14:03:28.613+0000] {manager.py:452} INFO - Exiting gracefully upon receiving signal 15
[2024-06-01T14:03:28.907+0000] {manager.py:452} INFO - Exiting gracefully upon receiving signal 15
[2024-06-01T14:03:29.448+0000] {manager.py:452} INFO - Exiting gracefully upon receiving signal 15
[2024-06-01T14:04:15.938+0000] {manager.py:470} INFO - Processing files using up to 2 processes at a time 
[2024-06-01T14:04:15.940+0000] {manager.py:471} INFO - Process each file at most once every 30 seconds
[2024-06-01T14:04:15.942+0000] {manager.py:472} INFO - Checking for new files in /opt/airflow/dags every 300 seconds
[2024-06-01T14:04:15.944+0000] {manager.py:737} INFO - Searching for files in /opt/airflow/dags
[2024-06-01T14:04:15.976+0000] {manager.py:740} INFO - There are 1 files in /opt/airflow/dags
[2024-06-01T14:04:16.221+0000] {manager.py:878} INFO - 
================================================================================
DAG File Processing Stats

File Path                       PID  Runtime      # DAGs    # Errors  Last Runtime    Last Run
----------------------------  -----  ---------  --------  ----------  --------------  ----------
/opt/airflow/dags/etl_dag.py     57  0.12s             0           0
================================================================================
[2024-06-01T14:04:46.280+0000] {manager.py:878} INFO - 
================================================================================
DAG File Processing Stats

File Path                     PID    Runtime      # DAGs    # Errors  Last Runtime    Last Run
----------------------------  -----  ---------  --------  ----------  --------------  -------------------
/opt/airflow/dags/etl_dag.py                           0           1  6.07s           2024-06-01T14:04:22
================================================================================
[2024-06-01T14:05:16.550+0000] {manager.py:878} INFO - 
================================================================================
DAG File Processing Stats

File Path                     PID    Runtime      # DAGs    # Errors  Last Runtime    Last Run
----------------------------  -----  ---------  --------  ----------  --------------  -------------------
/opt/airflow/dags/etl_dag.py                           0           1  1.51s           2024-06-01T14:04:53
================================================================================
[2024-06-01T14:05:47.212+0000] {manager.py:878} INFO - 
================================================================================
DAG File Processing Stats

File Path                     PID    Runtime      # DAGs    # Errors  Last Runtime    Last Run
----------------------------  -----  ---------  --------  ----------  --------------  -------------------
/opt/airflow/dags/etl_dag.py                           0           1  1.36s           2024-06-01T14:05:25
================================================================================
[2024-06-01T14:06:17.876+0000] {manager.py:878} INFO - 
================================================================================
DAG File Processing Stats

File Path                     PID    Runtime      # DAGs    # Errors  Last Runtime    Last Run
----------------------------  -----  ---------  --------  ----------  --------------  -------------------
/opt/airflow/dags/etl_dag.py                           0           1  1.13s           2024-06-01T14:05:56
================================================================================
[2024-06-01T14:06:42.084+0000] {manager.py:452} INFO - Exiting gracefully upon receiving signal 15
[2024-06-01T14:08:57.409+0000] {manager.py:470} INFO - Processing files using up to 2 processes at a time 
[2024-06-01T14:08:57.416+0000] {manager.py:471} INFO - Process each file at most once every 30 seconds
[2024-06-01T14:08:57.422+0000] {manager.py:472} INFO - Checking for new files in /opt/airflow/dags every 300 seconds
[2024-06-01T14:08:57.426+0000] {manager.py:737} INFO - Searching for files in /opt/airflow/dags
[2024-06-01T14:08:57.500+0000] {manager.py:740} INFO - There are 1 files in /opt/airflow/dags
[2024-06-01T14:08:57.874+0000] {manager.py:878} INFO - 
================================================================================
DAG File Processing Stats

File Path                       PID  Runtime      # DAGs    # Errors  Last Runtime    Last Run
----------------------------  -----  ---------  --------  ----------  --------------  ----------
/opt/airflow/dags/etl_dag.py     57  0.16s             0           0
================================================================================
[2024-06-01T14:09:28.164+0000] {manager.py:878} INFO - 
================================================================================
DAG File Processing Stats

File Path                     PID    Runtime      # DAGs    # Errors  Last Runtime    Last Run
----------------------------  -----  ---------  --------  ----------  --------------  -------------------
/opt/airflow/dags/etl_dag.py                           0           1  9.72s           2024-06-01T14:09:07
================================================================================
[2024-06-01T14:09:58.988+0000] {manager.py:878} INFO - 
================================================================================
DAG File Processing Stats

File Path                     PID    Runtime      # DAGs    # Errors  Last Runtime    Last Run
----------------------------  -----  ---------  --------  ----------  --------------  -------------------
/opt/airflow/dags/etl_dag.py                           0           1  1.21s           2024-06-01T14:09:38
================================================================================
[2024-06-01T14:10:29.247+0000] {manager.py:878} INFO - 
================================================================================
DAG File Processing Stats

File Path                     PID    Runtime      # DAGs    # Errors  Last Runtime    Last Run
----------------------------  -----  ---------  --------  ----------  --------------  -------------------
/opt/airflow/dags/etl_dag.py                           0           1  1.10s           2024-06-01T14:10:10
================================================================================
[2024-06-01T14:10:59.466+0000] {manager.py:878} INFO - 
================================================================================
DAG File Processing Stats

File Path                     PID    Runtime      # DAGs    # Errors  Last Runtime    Last Run
----------------------------  -----  ---------  --------  ----------  --------------  -------------------
/opt/airflow/dags/etl_dag.py                           0           1  0.63s           2024-06-01T14:10:40
================================================================================
[2024-06-01T14:11:29.532+0000] {manager.py:878} INFO - 
================================================================================
DAG File Processing Stats

File Path                     PID    Runtime      # DAGs    # Errors  Last Runtime    Last Run
----------------------------  -----  ---------  --------  ----------  --------------  -------------------
/opt/airflow/dags/etl_dag.py                           0           1  3.17s           2024-06-01T14:11:14
================================================================================
[2024-06-01T14:12:00.047+0000] {manager.py:878} INFO - 
================================================================================
DAG File Processing Stats

File Path                     PID    Runtime      # DAGs    # Errors  Last Runtime    Last Run
----------------------------  -----  ---------  --------  ----------  --------------  -------------------
/opt/airflow/dags/etl_dag.py                           0           1  5.61s           2024-06-01T14:11:50
================================================================================
[2024-06-01T14:12:30.576+0000] {manager.py:878} INFO - 
================================================================================
DAG File Processing Stats

File Path                     PID    Runtime      # DAGs    # Errors  Last Runtime    Last Run
----------------------------  -----  ---------  --------  ----------  --------------  -------------------
/opt/airflow/dags/etl_dag.py                           0           1  2.56s           2024-06-01T14:12:22
================================================================================
[2024-06-01T14:13:01.145+0000] {manager.py:878} INFO - 
================================================================================
DAG File Processing Stats

File Path                     PID    Runtime      # DAGs    # Errors  Last Runtime    Last Run
----------------------------  -----  ---------  --------  ----------  --------------  -------------------
/opt/airflow/dags/etl_dag.py                           0           1  1.49s           2024-06-01T14:12:54
================================================================================
[2024-06-01T14:13:31.432+0000] {manager.py:878} INFO - 
================================================================================
DAG File Processing Stats

File Path                     PID    Runtime      # DAGs    # Errors  Last Runtime    Last Run
----------------------------  -----  ---------  --------  ----------  --------------  -------------------
/opt/airflow/dags/etl_dag.py                           0           1  0.68s           2024-06-01T14:13:25
================================================================================
[2024-06-01T14:13:57.737+0000] {manager.py:737} INFO - Searching for files in /opt/airflow/dags
[2024-06-01T14:13:57.788+0000] {manager.py:740} INFO - There are 1 files in /opt/airflow/dags
[2024-06-01T14:14:01.915+0000] {manager.py:878} INFO - 
================================================================================
DAG File Processing Stats

File Path                     PID    Runtime      # DAGs    # Errors  Last Runtime    Last Run
----------------------------  -----  ---------  --------  ----------  --------------  -------------------
/opt/airflow/dags/etl_dag.py                           0           1  3.69s           2024-06-01T14:13:59
================================================================================
[2024-06-01T14:14:07.730+0000] {manager.py:452} INFO - Exiting gracefully upon receiving signal 15
[2024-06-01T14:17:02.813+0000] {manager.py:470} INFO - Processing files using up to 2 processes at a time 
[2024-06-01T14:17:02.817+0000] {manager.py:471} INFO - Process each file at most once every 30 seconds
[2024-06-01T14:17:02.820+0000] {manager.py:472} INFO - Checking for new files in /opt/airflow/dags every 300 seconds
[2024-06-01T14:17:02.824+0000] {manager.py:737} INFO - Searching for files in /opt/airflow/dags
[2024-06-01T14:17:02.906+0000] {manager.py:740} INFO - There are 1 files in /opt/airflow/dags
[2024-06-01T14:17:04.112+0000] {manager.py:878} INFO - 
================================================================================
DAG File Processing Stats

File Path                       PID  Runtime      # DAGs    # Errors  Last Runtime    Last Run
----------------------------  -----  ---------  --------  ----------  --------------  ----------
/opt/airflow/dags/etl_dag.py     63  0.56s             0           0
================================================================================
[2024-06-01T14:17:34.483+0000] {manager.py:878} INFO - 
================================================================================
DAG File Processing Stats

File Path                     PID    Runtime      # DAGs    # Errors  Last Runtime    Last Run
----------------------------  -----  ---------  --------  ----------  --------------  -------------------
/opt/airflow/dags/etl_dag.py                           0           1  9.74s           2024-06-01T14:17:13
================================================================================
[2024-06-01T14:18:04.528+0000] {manager.py:878} INFO - 
================================================================================
DAG File Processing Stats

File Path                     PID    Runtime      # DAGs    # Errors  Last Runtime    Last Run
----------------------------  -----  ---------  --------  ----------  --------------  -------------------
/opt/airflow/dags/etl_dag.py                           0           1  1.79s           2024-06-01T14:17:45
================================================================================
[2024-06-01T14:18:34.997+0000] {manager.py:878} INFO - 
================================================================================
DAG File Processing Stats

File Path                     PID    Runtime      # DAGs    # Errors  Last Runtime    Last Run
----------------------------  -----  ---------  --------  ----------  --------------  -------------------
/opt/airflow/dags/etl_dag.py                           0           1  0.43s           2024-06-01T14:18:16
================================================================================
[2024-06-01T14:19:05.534+0000] {manager.py:878} INFO - 
================================================================================
DAG File Processing Stats

File Path                     PID    Runtime      # DAGs    # Errors  Last Runtime    Last Run
----------------------------  -----  ---------  --------  ----------  --------------  -------------------
/opt/airflow/dags/etl_dag.py                           0           1  0.45s           2024-06-01T14:18:46
================================================================================
[2024-06-01T14:19:35.968+0000] {manager.py:878} INFO - 
================================================================================
DAG File Processing Stats

File Path                     PID    Runtime      # DAGs    # Errors  Last Runtime    Last Run
----------------------------  -----  ---------  --------  ----------  --------------  -------------------
/opt/airflow/dags/etl_dag.py                           0           1  0.48s           2024-06-01T14:19:17
================================================================================
[2024-06-01T14:20:06.139+0000] {manager.py:878} INFO - 
================================================================================
DAG File Processing Stats

File Path                     PID    Runtime      # DAGs    # Errors  Last Runtime    Last Run
----------------------------  -----  ---------  --------  ----------  --------------  -------------------
/opt/airflow/dags/etl_dag.py                           0           1  0.61s           2024-06-01T14:19:47
================================================================================
[2024-06-01T14:20:36.353+0000] {manager.py:878} INFO - 
================================================================================
DAG File Processing Stats

File Path                     PID    Runtime      # DAGs    # Errors  Last Runtime    Last Run
----------------------------  -----  ---------  --------  ----------  --------------  -------------------
/opt/airflow/dags/etl_dag.py                           0           1  0.96s           2024-06-01T14:20:19
================================================================================
[2024-06-01T14:21:06.912+0000] {manager.py:878} INFO - 
================================================================================
DAG File Processing Stats

File Path                     PID    Runtime      # DAGs    # Errors  Last Runtime    Last Run
----------------------------  -----  ---------  --------  ----------  --------------  -------------------
/opt/airflow/dags/etl_dag.py                           0           1  0.65s           2024-06-01T14:20:50
================================================================================
[2024-06-01T14:21:37.115+0000] {manager.py:878} INFO - 
================================================================================
DAG File Processing Stats

File Path                     PID    Runtime      # DAGs    # Errors  Last Runtime    Last Run
----------------------------  -----  ---------  --------  ----------  --------------  -------------------
/opt/airflow/dags/etl_dag.py                           0           1  0.83s           2024-06-01T14:21:21
================================================================================
[2024-06-01T14:22:02.972+0000] {manager.py:737} INFO - Searching for files in /opt/airflow/dags
[2024-06-01T14:22:03.019+0000] {manager.py:740} INFO - There are 1 files in /opt/airflow/dags
[2024-06-01T14:22:07.434+0000] {manager.py:878} INFO - 
================================================================================
DAG File Processing Stats

File Path                     PID    Runtime      # DAGs    # Errors  Last Runtime    Last Run
----------------------------  -----  ---------  --------  ----------  --------------  -------------------
/opt/airflow/dags/etl_dag.py                           0           1  0.65s           2024-06-01T14:21:51
================================================================================
[2024-06-01T14:22:37.651+0000] {manager.py:878} INFO - 
================================================================================
DAG File Processing Stats

File Path                     PID    Runtime      # DAGs    # Errors  Last Runtime    Last Run
----------------------------  -----  ---------  --------  ----------  --------------  -------------------
/opt/airflow/dags/etl_dag.py                           0           1  0.80s           2024-06-01T14:22:23
================================================================================
[2024-06-01T14:23:07.860+0000] {manager.py:878} INFO - 
================================================================================
DAG File Processing Stats

File Path                     PID    Runtime      # DAGs    # Errors  Last Runtime    Last Run
----------------------------  -----  ---------  --------  ----------  --------------  -------------------
/opt/airflow/dags/etl_dag.py                           0           1  0.92s           2024-06-01T14:22:54
================================================================================
[2024-06-01T14:23:38.151+0000] {manager.py:878} INFO - 
================================================================================
DAG File Processing Stats

File Path                     PID    Runtime      # DAGs    # Errors  Last Runtime    Last Run
----------------------------  -----  ---------  --------  ----------  --------------  -------------------
/opt/airflow/dags/etl_dag.py                           0           1  0.64s           2024-06-01T14:23:25
================================================================================
[2024-06-01T14:24:08.702+0000] {manager.py:878} INFO - 
================================================================================
DAG File Processing Stats

File Path                     PID    Runtime      # DAGs    # Errors  Last Runtime    Last Run
----------------------------  -----  ---------  --------  ----------  --------------  -------------------
/opt/airflow/dags/etl_dag.py                           0           1  0.69s           2024-06-01T14:23:55
================================================================================
[2024-06-01T14:24:38.901+0000] {manager.py:878} INFO - 
================================================================================
DAG File Processing Stats

File Path                     PID    Runtime      # DAGs    # Errors  Last Runtime    Last Run
----------------------------  -----  ---------  --------  ----------  --------------  -------------------
/opt/airflow/dags/etl_dag.py                           0           1  0.74s           2024-06-01T14:24:26
================================================================================
[2024-06-01T14:25:09.016+0000] {manager.py:878} INFO - 
================================================================================
DAG File Processing Stats

File Path                     PID    Runtime      # DAGs    # Errors  Last Runtime    Last Run
----------------------------  -----  ---------  --------  ----------  --------------  -------------------
/opt/airflow/dags/etl_dag.py                           0           1  0.92s           2024-06-01T14:24:57
================================================================================
[2024-06-01T14:25:39.362+0000] {manager.py:878} INFO - 
================================================================================
DAG File Processing Stats

File Path                     PID    Runtime      # DAGs    # Errors  Last Runtime    Last Run
----------------------------  -----  ---------  --------  ----------  --------------  -------------------
/opt/airflow/dags/etl_dag.py                           0           1  0.72s           2024-06-01T14:25:28
================================================================================
[2024-06-01T14:26:09.551+0000] {manager.py:878} INFO - 
================================================================================
DAG File Processing Stats

File Path                     PID    Runtime      # DAGs    # Errors  Last Runtime    Last Run
----------------------------  -----  ---------  --------  ----------  --------------  -------------------
/opt/airflow/dags/etl_dag.py                           0           1  0.88s           2024-06-01T14:25:59
================================================================================
[2024-06-01T14:26:39.751+0000] {manager.py:878} INFO - 
================================================================================
DAG File Processing Stats

File Path                     PID    Runtime      # DAGs    # Errors  Last Runtime    Last Run
----------------------------  -----  ---------  --------  ----------  --------------  -------------------
/opt/airflow/dags/etl_dag.py                           0           1  0.68s           2024-06-01T14:26:30
================================================================================
[2024-06-01T14:27:03.082+0000] {manager.py:737} INFO - Searching for files in /opt/airflow/dags
[2024-06-01T14:27:03.126+0000] {manager.py:740} INFO - There are 1 files in /opt/airflow/dags
[2024-06-01T14:27:09.762+0000] {manager.py:878} INFO - 
================================================================================
DAG File Processing Stats

File Path                     PID    Runtime      # DAGs    # Errors  Last Runtime    Last Run
----------------------------  -----  ---------  --------  ----------  --------------  -------------------
/opt/airflow/dags/etl_dag.py                           0           1  0.78s           2024-06-01T14:27:01
================================================================================
[2024-06-01T14:27:40.395+0000] {manager.py:878} INFO - 
================================================================================
DAG File Processing Stats

File Path                     PID    Runtime      # DAGs    # Errors  Last Runtime    Last Run
----------------------------  -----  ---------  --------  ----------  --------------  -------------------
/opt/airflow/dags/etl_dag.py                           0           1  0.66s           2024-06-01T14:27:32
================================================================================
[2024-06-01T14:28:10.880+0000] {manager.py:878} INFO - 
================================================================================
DAG File Processing Stats

File Path                     PID    Runtime      # DAGs    # Errors  Last Runtime    Last Run
----------------------------  -----  ---------  --------  ----------  --------------  -------------------
/opt/airflow/dags/etl_dag.py                           0           1  0.51s           2024-06-01T14:28:03
================================================================================
[2024-06-01T14:28:41.092+0000] {manager.py:878} INFO - 
================================================================================
DAG File Processing Stats

File Path                     PID    Runtime      # DAGs    # Errors  Last Runtime    Last Run
----------------------------  -----  ---------  --------  ----------  --------------  -------------------
/opt/airflow/dags/etl_dag.py                           0           1  0.48s           2024-06-01T14:28:34
================================================================================
[2024-06-01T14:29:11.420+0000] {manager.py:878} INFO - 
================================================================================
DAG File Processing Stats

File Path                     PID    Runtime      # DAGs    # Errors  Last Runtime    Last Run
----------------------------  -----  ---------  --------  ----------  --------------  -------------------
/opt/airflow/dags/etl_dag.py                           0           1  0.45s           2024-06-01T14:29:04
================================================================================
[2024-06-01T14:29:41.714+0000] {manager.py:878} INFO - 
================================================================================
DAG File Processing Stats

File Path                     PID    Runtime      # DAGs    # Errors  Last Runtime    Last Run
----------------------------  -----  ---------  --------  ----------  --------------  -------------------
/opt/airflow/dags/etl_dag.py                           0           1  0.52s           2024-06-01T14:29:35
================================================================================
[2024-06-01T14:30:12.378+0000] {manager.py:878} INFO - 
================================================================================
DAG File Processing Stats

File Path                     PID    Runtime      # DAGs    # Errors  Last Runtime    Last Run
----------------------------  -----  ---------  --------  ----------  --------------  -------------------
/opt/airflow/dags/etl_dag.py                           0           1  0.50s           2024-06-01T14:30:06
================================================================================
[2024-06-01T14:30:42.813+0000] {manager.py:878} INFO - 
================================================================================
DAG File Processing Stats

File Path                     PID    Runtime      # DAGs    # Errors  Last Runtime    Last Run
----------------------------  -----  ---------  --------  ----------  --------------  -------------------
/opt/airflow/dags/etl_dag.py                           0           1  0.50s           2024-06-01T14:30:37
================================================================================
[2024-06-01T14:31:13.199+0000] {manager.py:878} INFO - 
================================================================================
DAG File Processing Stats

File Path                     PID    Runtime      # DAGs    # Errors  Last Runtime    Last Run
----------------------------  -----  ---------  --------  ----------  --------------  -------------------
/opt/airflow/dags/etl_dag.py                           0           1  0.45s           2024-06-01T14:31:08
================================================================================
[2024-06-01T14:31:43.847+0000] {manager.py:878} INFO - 
================================================================================
DAG File Processing Stats

File Path                       PID  Runtime      # DAGs    # Errors  Last Runtime    Last Run
----------------------------  -----  ---------  --------  ----------  --------------  -------------------
/opt/airflow/dags/etl_dag.py    295  5.18s             0           1  0.45s           2024-06-01T14:31:08
================================================================================
[2024-06-01T14:32:03.210+0000] {manager.py:737} INFO - Searching for files in /opt/airflow/dags
[2024-06-01T14:32:03.236+0000] {manager.py:740} INFO - There are 1 files in /opt/airflow/dags
[2024-06-01T14:32:14.129+0000] {manager.py:878} INFO - 
================================================================================
DAG File Processing Stats

File Path                     PID    Runtime      # DAGs    # Errors  Last Runtime    Last Run
----------------------------  -----  ---------  --------  ----------  --------------  -------------------
/opt/airflow/dags/etl_dag.py                           0           1  15.51s          2024-06-01T14:31:54
================================================================================
[2024-06-01T14:32:44.557+0000] {manager.py:878} INFO - 
================================================================================
DAG File Processing Stats

File Path                     PID    Runtime      # DAGs    # Errors  Last Runtime    Last Run
----------------------------  -----  ---------  --------  ----------  --------------  -------------------
/opt/airflow/dags/etl_dag.py                           0           1  0.68s           2024-06-01T14:32:24
================================================================================
[2024-06-01T14:33:15.034+0000] {manager.py:878} INFO - 
================================================================================
DAG File Processing Stats

File Path                     PID    Runtime      # DAGs    # Errors  Last Runtime    Last Run
----------------------------  -----  ---------  --------  ----------  --------------  -------------------
/opt/airflow/dags/etl_dag.py                           0           1  9.73s           2024-06-01T14:33:04
================================================================================
[2024-06-01T14:33:45.546+0000] {manager.py:878} INFO - 
================================================================================
DAG File Processing Stats

File Path                     PID    Runtime      # DAGs    # Errors  Last Runtime    Last Run
----------------------------  -----  ---------  --------  ----------  --------------  -------------------
/opt/airflow/dags/etl_dag.py                           0           1  2.25s           2024-06-01T14:33:37
================================================================================
[2024-06-01T14:34:15.845+0000] {manager.py:878} INFO - 
================================================================================
DAG File Processing Stats

File Path                     PID    Runtime      # DAGs    # Errors  Last Runtime    Last Run
----------------------------  -----  ---------  --------  ----------  --------------  -------------------
/opt/airflow/dags/etl_dag.py                           0           1  2.20s           2024-06-01T14:34:09
================================================================================
[2024-06-01T14:34:46.034+0000] {manager.py:878} INFO - 
================================================================================
DAG File Processing Stats

File Path                       PID  Runtime      # DAGs    # Errors  Last Runtime    Last Run
----------------------------  -----  ---------  --------  ----------  --------------  -------------------
/opt/airflow/dags/etl_dag.py    342  4.30s             0           1  2.20s           2024-06-01T14:34:09
================================================================================
[2024-06-01T14:35:16.714+0000] {manager.py:878} INFO - 
================================================================================
DAG File Processing Stats

File Path                       PID  Runtime      # DAGs    # Errors  Last Runtime    Last Run
----------------------------  -----  ---------  --------  ----------  --------------  -------------------
/opt/airflow/dags/etl_dag.py    342  34.98s            0           1  2.20s           2024-06-01T14:34:09
================================================================================
[2024-06-01T14:35:47.003+0000] {manager.py:878} INFO - 
================================================================================
DAG File Processing Stats

File Path                     PID    Runtime      # DAGs    # Errors  Last Runtime    Last Run
----------------------------  -----  ---------  --------  ----------  --------------  -------------------
/opt/airflow/dags/etl_dag.py                           0           1  12.81s          2024-06-01T14:35:38
================================================================================
[2024-06-01T14:36:17.438+0000] {manager.py:878} INFO - 
================================================================================
DAG File Processing Stats

File Path                     PID    Runtime      # DAGs    # Errors  Last Runtime    Last Run
----------------------------  -----  ---------  --------  ----------  --------------  -------------------
/opt/airflow/dags/etl_dag.py                           0           1  3.20s           2024-06-01T14:36:12
================================================================================
[2024-06-01T14:36:51.124+0000] {manager.py:878} INFO - 
================================================================================
DAG File Processing Stats

File Path                       PID  Runtime      # DAGs    # Errors  Last Runtime    Last Run
----------------------------  -----  ---------  --------  ----------  --------------  -------------------
/opt/airflow/dags/etl_dag.py    373  5.88s             0           1  3.20s           2024-06-01T14:36:12
================================================================================
[2024-06-01T14:37:16.936+0000] {manager.py:737} INFO - Searching for files in /opt/airflow/dags
[2024-06-01T14:37:17.098+0000] {manager.py:740} INFO - There are 1 files in /opt/airflow/dags
[2024-06-01T14:37:27.275+0000] {manager.py:878} INFO - 
================================================================================
DAG File Processing Stats

File Path                     PID    Runtime      # DAGs    # Errors  Last Runtime    Last Run
----------------------------  -----  ---------  --------  ----------  --------------  -------------------
/opt/airflow/dags/etl_dag.py                           0           1  15.04s          2024-06-01T14:36:57
================================================================================
[2024-06-01T14:37:54.253+0000] {manager.py:1016} ERROR - Processor for /opt/airflow/dags/etl_dag.py exited with return code -9.
[2024-06-01T14:37:58.557+0000] {manager.py:878} INFO - 
================================================================================
DAG File Processing Stats

File Path                     PID    Runtime      # DAGs    # Errors  Last Runtime    Last Run
----------------------------  -----  ---------  --------  ----------  --------------  -------------------
/opt/airflow/dags/etl_dag.py                           0          -1  25.89s          2024-06-01T14:37:54
================================================================================
[2024-06-01T15:38:14.214+0000] {manager.py:470} INFO - Processing files using up to 2 processes at a time 
[2024-06-01T15:38:14.218+0000] {manager.py:471} INFO - Process each file at most once every 30 seconds
[2024-06-01T15:38:14.220+0000] {manager.py:472} INFO - Checking for new files in /opt/airflow/dags every 300 seconds
[2024-06-01T15:38:14.222+0000] {manager.py:737} INFO - Searching for files in /opt/airflow/dags
[2024-06-01T15:38:14.284+0000] {manager.py:740} INFO - There are 1 files in /opt/airflow/dags
[2024-06-01T15:38:14.732+0000] {manager.py:878} INFO - 
================================================================================
DAG File Processing Stats

File Path                       PID  Runtime      # DAGs    # Errors  Last Runtime    Last Run
----------------------------  -----  ---------  --------  ----------  --------------  ----------
/opt/airflow/dags/etl_dag.py     69  0.23s             0           0
================================================================================
[2024-06-01T15:38:45.395+0000] {manager.py:878} INFO - 
================================================================================
DAG File Processing Stats

File Path                     PID    Runtime      # DAGs    # Errors  Last Runtime    Last Run
----------------------------  -----  ---------  --------  ----------  --------------  -------------------
/opt/airflow/dags/etl_dag.py                           0           1  11.73s          2024-06-01T15:38:26
================================================================================
[2024-06-01T15:39:15.733+0000] {manager.py:878} INFO - 
================================================================================
DAG File Processing Stats

File Path                     PID    Runtime      # DAGs    # Errors  Last Runtime    Last Run
----------------------------  -----  ---------  --------  ----------  --------------  -------------------
/opt/airflow/dags/etl_dag.py                           0           1  4.05s           2024-06-01T15:39:00
================================================================================
[2024-06-01T15:39:45.902+0000] {manager.py:878} INFO - 
================================================================================
DAG File Processing Stats

File Path                     PID    Runtime      # DAGs    # Errors  Last Runtime    Last Run
----------------------------  -----  ---------  --------  ----------  --------------  -------------------
/opt/airflow/dags/etl_dag.py                           0           1  1.84s           2024-06-01T15:39:32
================================================================================
[2024-06-01T15:40:16.105+0000] {manager.py:878} INFO - 
================================================================================
DAG File Processing Stats

File Path                       PID  Runtime      # DAGs    # Errors  Last Runtime    Last Run
----------------------------  -----  ---------  --------  ----------  --------------  -------------------
/opt/airflow/dags/etl_dag.py     93  12.37s            0           1  1.84s           2024-06-01T15:39:32
================================================================================
[2024-06-01T15:40:46.915+0000] {manager.py:878} INFO - 
================================================================================
DAG File Processing Stats

File Path                     PID    Runtime      # DAGs    # Errors  Last Runtime    Last Run
----------------------------  -----  ---------  --------  ----------  --------------  -------------------
/opt/airflow/dags/etl_dag.py                           0           1  14.01s          2024-06-01T15:40:17
================================================================================
[2024-06-01T15:41:17.293+0000] {manager.py:878} INFO - 
================================================================================
DAG File Processing Stats

File Path                     PID    Runtime      # DAGs    # Errors  Last Runtime    Last Run
----------------------------  -----  ---------  --------  ----------  --------------  -------------------
/opt/airflow/dags/etl_dag.py                           0           1  2.59s           2024-06-01T15:40:50
================================================================================
[2024-06-01T15:41:36.726+0000] {manager.py:452} INFO - Exiting gracefully upon receiving signal 15
[2024-06-01T15:44:19.845+0000] {manager.py:470} INFO - Processing files using up to 2 processes at a time 
[2024-06-01T15:44:19.871+0000] {manager.py:471} INFO - Process each file at most once every 30 seconds
[2024-06-01T15:44:19.881+0000] {manager.py:472} INFO - Checking for new files in /opt/airflow/dags every 300 seconds
[2024-06-01T15:44:19.886+0000] {manager.py:737} INFO - Searching for files in /opt/airflow/dags
[2024-06-01T15:44:20.138+0000] {manager.py:740} INFO - There are 1 files in /opt/airflow/dags
[2024-06-01T15:44:20.705+0000] {manager.py:878} INFO - 
================================================================================
DAG File Processing Stats

File Path                       PID  Runtime      # DAGs    # Errors  Last Runtime    Last Run
----------------------------  -----  ---------  --------  ----------  --------------  ----------
/opt/airflow/dags/etl_dag.py     64  0.24s             0           0
================================================================================
[2024-06-01T15:44:51.583+0000] {manager.py:878} INFO - 
================================================================================
DAG File Processing Stats

File Path                     PID    Runtime      # DAGs    # Errors  Last Runtime    Last Run
----------------------------  -----  ---------  --------  ----------  --------------  -------------------
/opt/airflow/dags/etl_dag.py                           0           1  10.82s          2024-06-01T15:44:31
================================================================================
[2024-06-01T15:45:21.702+0000] {manager.py:878} INFO - 
================================================================================
DAG File Processing Stats

File Path                     PID    Runtime      # DAGs    # Errors  Last Runtime    Last Run
----------------------------  -----  ---------  --------  ----------  --------------  -------------------
/opt/airflow/dags/etl_dag.py                           0           1  14.55s          2024-06-01T15:45:16
================================================================================
[2024-06-01T15:45:52.260+0000] {manager.py:878} INFO - 
================================================================================
DAG File Processing Stats

File Path                     PID    Runtime      # DAGs    # Errors  Last Runtime    Last Run
----------------------------  -----  ---------  --------  ----------  --------------  -------------------
/opt/airflow/dags/etl_dag.py                           0           1  4.27s           2024-06-01T15:45:51
================================================================================
[2024-06-01T15:46:22.606+0000] {manager.py:878} INFO - 
================================================================================
DAG File Processing Stats

File Path                       PID  Runtime      # DAGs    # Errors  Last Runtime    Last Run
----------------------------  -----  ---------  --------  ----------  --------------  -------------------
/opt/airflow/dags/etl_dag.py     94  1.10s             0           1  4.27s           2024-06-01T15:45:51
================================================================================
[2024-06-01T15:46:52.650+0000] {manager.py:878} INFO - 
================================================================================
DAG File Processing Stats

File Path                     PID    Runtime      # DAGs    # Errors  Last Runtime    Last Run
----------------------------  -----  ---------  --------  ----------  --------------  -------------------
/opt/airflow/dags/etl_dag.py                           0           1  3.79s           2024-06-01T15:46:46
================================================================================
[2024-06-01T15:47:22.997+0000] {manager.py:878} INFO - 
================================================================================
DAG File Processing Stats

File Path                     PID    Runtime      # DAGs    # Errors  Last Runtime    Last Run
----------------------------  -----  ---------  --------  ----------  --------------  -------------------
/opt/airflow/dags/etl_dag.py                           0           1  11.95s          2024-06-01T15:47:08
================================================================================
[2024-06-01T15:47:53.268+0000] {manager.py:878} INFO - 
================================================================================
DAG File Processing Stats

File Path                     PID    Runtime      # DAGs    # Errors  Last Runtime    Last Run
----------------------------  -----  ---------  --------  ----------  --------------  -------------------
/opt/airflow/dags/etl_dag.py                           0           1  0.96s           2024-06-01T15:47:40
================================================================================
[2024-06-01T15:48:24.100+0000] {manager.py:878} INFO - 
================================================================================
DAG File Processing Stats

File Path                     PID    Runtime      # DAGs    # Errors  Last Runtime    Last Run
----------------------------  -----  ---------  --------  ----------  --------------  -------------------
/opt/airflow/dags/etl_dag.py                           0           1  0.71s           2024-06-01T15:48:11
================================================================================
[2024-06-01T15:48:54.383+0000] {manager.py:878} INFO - 
================================================================================
DAG File Processing Stats

File Path                     PID    Runtime      # DAGs    # Errors  Last Runtime    Last Run
----------------------------  -----  ---------  --------  ----------  --------------  -------------------
/opt/airflow/dags/etl_dag.py                           0           1  1.21s           2024-06-01T15:48:48
================================================================================
[2024-06-01T15:49:20.430+0000] {manager.py:737} INFO - Searching for files in /opt/airflow/dags
[2024-06-01T15:49:20.454+0000] {manager.py:740} INFO - There are 1 files in /opt/airflow/dags
[2024-06-01T15:49:24.520+0000] {manager.py:878} INFO - 
================================================================================
DAG File Processing Stats

File Path                     PID    Runtime      # DAGs    # Errors  Last Runtime    Last Run
----------------------------  -----  ---------  --------  ----------  --------------  -------------------
/opt/airflow/dags/etl_dag.py                           0           1  0.86s           2024-06-01T15:49:19
================================================================================
[2024-06-01T15:49:54.795+0000] {manager.py:878} INFO - 
================================================================================
DAG File Processing Stats

File Path                     PID    Runtime      # DAGs    # Errors  Last Runtime    Last Run
----------------------------  -----  ---------  --------  ----------  --------------  -------------------
/opt/airflow/dags/etl_dag.py                           0           1  0.93s           2024-06-01T15:49:50
================================================================================
[2024-06-01T15:50:25.173+0000] {manager.py:878} INFO - 
================================================================================
DAG File Processing Stats

File Path                     PID    Runtime      # DAGs    # Errors  Last Runtime    Last Run
----------------------------  -----  ---------  --------  ----------  --------------  -------------------
/opt/airflow/dags/etl_dag.py                           0           1  2.03s           2024-06-01T15:50:23
================================================================================
[2024-06-01T15:50:55.616+0000] {manager.py:878} INFO - 
================================================================================
DAG File Processing Stats

File Path                     PID    Runtime      # DAGs    # Errors  Last Runtime    Last Run
----------------------------  -----  ---------  --------  ----------  --------------  -------------------
/opt/airflow/dags/etl_dag.py                           0           1  1.52s           2024-06-01T15:50:51
================================================================================
[2024-06-01T15:51:26.164+0000] {manager.py:878} INFO - 
================================================================================
DAG File Processing Stats

File Path                     PID    Runtime      # DAGs    # Errors  Last Runtime    Last Run
----------------------------  -----  ---------  --------  ----------  --------------  -------------------
/opt/airflow/dags/etl_dag.py                           0           1  1.41s           2024-06-01T15:51:02
================================================================================
[2024-06-01T15:51:57.027+0000] {manager.py:878} INFO - 
================================================================================
DAG File Processing Stats

File Path                     PID    Runtime      # DAGs    # Errors  Last Runtime    Last Run
----------------------------  -----  ---------  --------  ----------  --------------  -------------------
/opt/airflow/dags/etl_dag.py                           0           1  20.37s          2024-06-01T15:51:54
================================================================================
[2024-06-01T15:52:27.359+0000] {manager.py:878} INFO - 
================================================================================
DAG File Processing Stats

File Path                     PID    Runtime      # DAGs    # Errors  Last Runtime    Last Run
----------------------------  -----  ---------  --------  ----------  --------------  -------------------
/opt/airflow/dags/etl_dag.py                           0           1  2.11s           2024-06-01T15:52:26
================================================================================
[2024-06-01T15:52:57.648+0000] {manager.py:878} INFO - 
================================================================================
DAG File Processing Stats

File Path                       PID  Runtime      # DAGs    # Errors  Last Runtime    Last Run
----------------------------  -----  ---------  --------  ----------  --------------  -------------------
/opt/airflow/dags/etl_dag.py    204  1.02s             0           1  2.11s           2024-06-01T15:52:26
================================================================================
[2024-06-01T15:53:27.974+0000] {manager.py:878} INFO - 
================================================================================
DAG File Processing Stats

File Path                       PID  Runtime      # DAGs    # Errors  Last Runtime    Last Run
----------------------------  -----  ---------  --------  ----------  --------------  -------------------
/opt/airflow/dags/etl_dag.py    212  0.01s             0           1  1.03s           2024-06-01T15:52:57
================================================================================
[2024-06-01T15:53:58.232+0000] {manager.py:878} INFO - 
================================================================================
DAG File Processing Stats

File Path                     PID    Runtime      # DAGs    # Errors  Last Runtime    Last Run
----------------------------  -----  ---------  --------  ----------  --------------  -------------------
/opt/airflow/dags/etl_dag.py                           0           1  1.31s           2024-06-01T15:53:29
================================================================================
[2024-06-01T15:54:20.695+0000] {manager.py:737} INFO - Searching for files in /opt/airflow/dags
[2024-06-01T15:54:20.794+0000] {manager.py:740} INFO - There are 1 files in /opt/airflow/dags
[2024-06-01T15:54:28.378+0000] {manager.py:878} INFO - 
================================================================================
DAG File Processing Stats

File Path                     PID    Runtime      # DAGs    # Errors  Last Runtime    Last Run
----------------------------  -----  ---------  --------  ----------  --------------  -------------------
/opt/airflow/dags/etl_dag.py                           0           1  0.96s           2024-06-01T15:54:03
================================================================================
[2024-06-01T15:54:58.484+0000] {manager.py:878} INFO - 
================================================================================
DAG File Processing Stats

File Path                     PID    Runtime      # DAGs    # Errors  Last Runtime    Last Run
----------------------------  -----  ---------  --------  ----------  --------------  -------------------
/opt/airflow/dags/etl_dag.py                           0           1  5.68s           2024-06-01T15:54:52
================================================================================
[2024-06-01T15:55:28.771+0000] {manager.py:878} INFO - 
================================================================================
DAG File Processing Stats

File Path                     PID    Runtime      # DAGs    # Errors  Last Runtime    Last Run
----------------------------  -----  ---------  --------  ----------  --------------  -------------------
/opt/airflow/dags/etl_dag.py                           0           1  1.52s           2024-06-01T15:55:24
================================================================================
[2024-06-01T15:55:59.117+0000] {manager.py:878} INFO - 
================================================================================
DAG File Processing Stats

File Path                     PID    Runtime      # DAGs    # Errors  Last Runtime    Last Run
----------------------------  -----  ---------  --------  ----------  --------------  -------------------
/opt/airflow/dags/etl_dag.py                           0           1  1.12s           2024-06-01T15:55:56
================================================================================
[2024-06-01T15:56:29.344+0000] {manager.py:878} INFO - 
================================================================================
DAG File Processing Stats

File Path                     PID    Runtime      # DAGs    # Errors  Last Runtime    Last Run
----------------------------  -----  ---------  --------  ----------  --------------  -------------------
/opt/airflow/dags/etl_dag.py                           0           1  0.83s           2024-06-01T15:56:28
================================================================================
[2024-06-01T15:56:59.443+0000] {manager.py:878} INFO - 
================================================================================
DAG File Processing Stats

File Path                     PID    Runtime      # DAGs    # Errors  Last Runtime    Last Run
----------------------------  -----  ---------  --------  ----------  --------------  -------------------
/opt/airflow/dags/etl_dag.py                           0           1  0.79s           2024-06-01T15:56:59
================================================================================
[2024-06-01T15:57:29.755+0000] {manager.py:878} INFO - 
================================================================================
DAG File Processing Stats

File Path                       PID  Runtime      # DAGs    # Errors  Last Runtime    Last Run
----------------------------  -----  ---------  --------  ----------  --------------  -------------------
/opt/airflow/dags/etl_dag.py    281  0.01s             0           1  0.79s           2024-06-01T15:56:59
================================================================================
[2024-06-01T15:57:59.793+0000] {manager.py:878} INFO - 
================================================================================
DAG File Processing Stats

File Path                     PID    Runtime      # DAGs    # Errors  Last Runtime    Last Run
----------------------------  -----  ---------  --------  ----------  --------------  -------------------
/opt/airflow/dags/etl_dag.py                           0           1  2.76s           2024-06-01T15:57:41
================================================================================
[2024-06-01T15:58:30.354+0000] {manager.py:878} INFO - 
================================================================================
DAG File Processing Stats

File Path                     PID    Runtime      # DAGs    # Errors  Last Runtime    Last Run
----------------------------  -----  ---------  --------  ----------  --------------  -------------------
/opt/airflow/dags/etl_dag.py                           0           1  3.01s           2024-06-01T15:58:28
================================================================================
[2024-06-01T15:59:00.838+0000] {manager.py:878} INFO - 
================================================================================
DAG File Processing Stats

File Path                     PID    Runtime      # DAGs    # Errors  Last Runtime    Last Run
----------------------------  -----  ---------  --------  ----------  --------------  -------------------
/opt/airflow/dags/etl_dag.py                           0           1  1.47s           2024-06-01T15:59:00
================================================================================
[2024-06-01T15:59:20.995+0000] {manager.py:737} INFO - Searching for files in /opt/airflow/dags
[2024-06-01T15:59:21.020+0000] {manager.py:740} INFO - There are 1 files in /opt/airflow/dags
[2024-06-01T15:59:31.170+0000] {manager.py:878} INFO - 
================================================================================
DAG File Processing Stats

File Path                       PID  Runtime      # DAGs    # Errors  Last Runtime    Last Run
----------------------------  -----  ---------  --------  ----------  --------------  -------------------
/opt/airflow/dags/etl_dag.py    315  1.02s             0           1  1.47s           2024-06-01T15:59:00
================================================================================
[2024-06-01T16:00:01.539+0000] {manager.py:878} INFO - 
================================================================================
DAG File Processing Stats

File Path                       PID  Runtime      # DAGs    # Errors  Last Runtime    Last Run
----------------------------  -----  ---------  --------  ----------  --------------  -------------------
/opt/airflow/dags/etl_dag.py    323  0.01s             0           1  1.27s           2024-06-01T15:59:31
================================================================================
[2024-06-01T16:00:31.959+0000] {manager.py:878} INFO - 
================================================================================
DAG File Processing Stats

File Path                     PID    Runtime      # DAGs    # Errors  Last Runtime    Last Run
----------------------------  -----  ---------  --------  ----------  --------------  -------------------
/opt/airflow/dags/etl_dag.py                           0           1  1.28s           2024-06-01T16:00:02
================================================================================
[2024-06-01T16:01:02.234+0000] {manager.py:878} INFO - 
================================================================================
DAG File Processing Stats

File Path                     PID    Runtime      # DAGs    # Errors  Last Runtime    Last Run
----------------------------  -----  ---------  --------  ----------  --------------  -------------------
/opt/airflow/dags/etl_dag.py                           0           1  1.27s           2024-06-01T16:00:34
================================================================================
[2024-06-01T16:01:32.952+0000] {manager.py:878} INFO - 
================================================================================
DAG File Processing Stats

File Path                     PID    Runtime      # DAGs    # Errors  Last Runtime    Last Run
----------------------------  -----  ---------  --------  ----------  --------------  -------------------
/opt/airflow/dags/etl_dag.py                           1           0  3.28s           2024-06-01T16:01:07
================================================================================
[2024-06-01T16:01:47.299+0000] {manager.py:452} INFO - Exiting gracefully upon receiving signal 15
[2024-06-01T16:04:07.432+0000] {manager.py:470} INFO - Processing files using up to 2 processes at a time 
[2024-06-01T16:04:07.436+0000] {manager.py:471} INFO - Process each file at most once every 30 seconds
[2024-06-01T16:04:07.439+0000] {manager.py:472} INFO - Checking for new files in /opt/airflow/dags every 300 seconds
[2024-06-01T16:04:07.442+0000] {manager.py:737} INFO - Searching for files in /opt/airflow/dags
[2024-06-01T16:04:07.495+0000] {manager.py:740} INFO - There are 1 files in /opt/airflow/dags
[2024-06-01T16:04:08.448+0000] {manager.py:878} INFO - 
================================================================================
DAG File Processing Stats

File Path                       PID  Runtime      # DAGs    # Errors  Last Runtime    Last Run
----------------------------  -----  ---------  --------  ----------  --------------  ----------
/opt/airflow/dags/etl_dag.py     58  0.55s             0           0
================================================================================
[2024-06-01T16:04:38.731+0000] {manager.py:878} INFO - 
================================================================================
DAG File Processing Stats

File Path                     PID    Runtime      # DAGs    # Errors  Last Runtime    Last Run
----------------------------  -----  ---------  --------  ----------  --------------  -------------------
/opt/airflow/dags/etl_dag.py                           1           0  13.66s          2024-06-01T16:04:21
================================================================================
[2024-06-01T16:05:08.891+0000] {manager.py:878} INFO - 
================================================================================
DAG File Processing Stats

File Path                     PID    Runtime      # DAGs    # Errors  Last Runtime    Last Run
----------------------------  -----  ---------  --------  ----------  --------------  -------------------
/opt/airflow/dags/etl_dag.py                           1           0  4.89s           2024-06-01T16:04:56
================================================================================
[2024-06-01T16:05:39.101+0000] {manager.py:878} INFO - 
================================================================================
DAG File Processing Stats

File Path                     PID    Runtime      # DAGs    # Errors  Last Runtime    Last Run
----------------------------  -----  ---------  --------  ----------  --------------  -------------------
/opt/airflow/dags/etl_dag.py                           1           0  1.68s           2024-06-01T16:05:28
================================================================================
[2024-06-01T16:06:15.393+0000] {manager.py:878} INFO - 
================================================================================
DAG File Processing Stats

File Path                       PID  Runtime      # DAGs    # Errors  Last Runtime    Last Run
----------------------------  -----  ---------  --------  ----------  --------------  -------------------
/opt/airflow/dags/etl_dag.py    117  13.92s            1           0  1.68s           2024-06-01T16:05:28
================================================================================
[2024-06-01T16:06:46.392+0000] {manager.py:878} INFO - 
================================================================================
DAG File Processing Stats

File Path                     PID    Runtime      # DAGs    # Errors  Last Runtime    Last Run
----------------------------  -----  ---------  --------  ----------  --------------  -------------------
/opt/airflow/dags/etl_dag.py                           1           0  26.99s          2024-06-01T16:06:28
================================================================================
[2024-06-01T16:07:17.315+0000] {manager.py:878} INFO - 
================================================================================
DAG File Processing Stats

File Path                       PID  Runtime      # DAGs    # Errors  Last Runtime    Last Run
----------------------------  -----  ---------  --------  ----------  --------------  -------------------
/opt/airflow/dags/etl_dag.py    155  18.45s            1           0  26.99s          2024-06-01T16:06:28
================================================================================
[2024-06-01T16:07:29.002+0000] {manager.py:452} INFO - Exiting gracefully upon receiving signal 15
[2024-06-01T16:07:29.023+0000] {manager.py:452} INFO - Exiting gracefully upon receiving signal 15
[2024-06-01T16:07:32.554+0000] {manager.py:452} INFO - Exiting gracefully upon receiving signal 15
